<?xml version="1.0" encoding="UTF-8"?>
<testsuite xmlns:xsi="http://www.w3.org/2001/XMLSchema-instance" xsi:noNamespaceSchemaLocation="https://maven.apache.org/surefire/maven-failsafe-plugin/xsd/failsafe-test-report-3.0.xsd" version="3.0" name="com.example.catalogue.controller.ProductRestControllerIT" time="10.64" tests="9" errors="0" skipped="0" failures="0">
  <properties>
[...]
</properties>
  <testcase name="findProduct_ProductExists_ReturnsProductsList" classname="com.example.catalogue.controller.ProductRestControllerIT" time="0.475">
    <system-out><![CDATA[14:03:28.026 [main] INFO org.springframework.test.context.support.AnnotationConfigContextLoaderUtils -- Could not detect default configuration classes for test class [com.example.catalogue.controller.ProductRestControllerIT]: ProductRestControllerIT does not declare any static, non-private, non-final, nested classes annotated with @Configuration.
14:03:28.119 [main] INFO org.springframework.boot.test.context.SpringBootTestContextBootstrapper -- Found @SpringBootConfiguration com.example.CatalogueServiceApplication for test class com.example.catalogue.controller.ProductRestControllerIT
14:03:28.250 [main] INFO org.springframework.boot.devtools.restart.RestartApplicationListener -- Restart disabled due to context in which it is running

  .   ____          _            __ _ _
 /\\ / ___'_ __ _ _(_)_ __  __ _ \ \ \ \
( ( )\___ | '_ | '_| | '_ \/ _` | \ \ \ \
 \\/  ___)| |_)| | | | | || (_| |  ) ) ) )
  '  |____| .__|_| |_|_| |_\__, | / / / /
 =========|_|==============|___/=/_/_/_/
 :: Spring Boot ::                (v3.2.2)

2024-06-04T14:03:28.460+03:00  INFO 11096 --- [           main] c.e.c.c.ProductRestControllerIT          : Starting ProductRestControllerIT using Java 21.0.3 with PID 11096 (started by astonuser in C:\Users\astonuser\IdeaProjects\market\catalogue-service)
2024-06-04T14:03:28.462+03:00  INFO 11096 --- [           main] c.e.c.c.ProductRestControllerIT          : No active profile set, falling back to 1 default profile: "default"
2024-06-04T14:03:29.089+03:00  INFO 11096 --- [           main] .s.d.r.c.RepositoryConfigurationDelegate : Bootstrapping Spring Data JPA repositories in DEFAULT mode.
2024-06-04T14:03:29.131+03:00  INFO 11096 --- [           main] .s.d.r.c.RepositoryConfigurationDelegate : Finished Spring Data repository scanning in 35 ms. Found 1 JPA repository interface.
2024-06-04T14:03:29.659+03:00  INFO 11096 --- [           main] com.zaxxer.hikari.HikariDataSource       : HikariPool-1 - Starting...
2024-06-04T14:03:29.715+03:00  INFO 11096 --- [           main] org.testcontainers.images.PullPolicy     : Image pull policy will be performed by: DefaultPullPolicy()
2024-06-04T14:03:29.717+03:00  INFO 11096 --- [           main] o.t.utility.ImageNameSubstitutor         : Image name substitution will be performed by: DefaultImageNameSubstitutor (composite of 'ConfigurationFileImageNameSubstitutor' and 'PrefixingImageNameSubstitutor')
2024-06-04T14:03:29.910+03:00  INFO 11096 --- [           main] o.t.d.DockerClientProviderStrategy       : Loaded org.testcontainers.dockerclient.NpipeSocketClientProviderStrategy from ~/.testcontainers.properties, will try it first
2024-06-04T14:03:30.129+03:00  INFO 11096 --- [           main] o.t.d.DockerClientProviderStrategy       : Found Docker environment with local Npipe socket (npipe:////./pipe/docker_engine)
2024-06-04T14:03:30.130+03:00  INFO 11096 --- [           main] org.testcontainers.DockerClientFactory   : Docker host IP address is localhost
2024-06-04T14:03:30.146+03:00  INFO 11096 --- [           main] org.testcontainers.DockerClientFactory   : Connected to docker: 
  Server Version: 26.1.1
  API Version: 1.45
  Operating System: Docker Desktop
  Total Memory: 15846 MB
2024-06-04T14:03:30.230+03:00  INFO 11096 --- [           main] tc.testcontainers/ryuk:0.5.1             : Creating container for image: testcontainers/ryuk:0.5.1
2024-06-04T14:03:30.411+03:00  INFO 11096 --- [           main] tc.testcontainers/ryuk:0.5.1             : Container testcontainers/ryuk:0.5.1 is starting: 15cdc0151819bf8b275bcc56b556c8051669f084e9c1cb0ebcede788c1491bae
2024-06-04T14:03:30.852+03:00  INFO 11096 --- [           main] tc.testcontainers/ryuk:0.5.1             : Container testcontainers/ryuk:0.5.1 started in PT0.6223887S
2024-06-04T14:03:30.862+03:00  INFO 11096 --- [           main] o.t.utility.RyukResourceReaper           : Ryuk started - will monitor and terminate Testcontainers containers on JVM exit
2024-06-04T14:03:30.863+03:00  INFO 11096 --- [           main] org.testcontainers.DockerClientFactory   : Checking the system...
2024-06-04T14:03:30.864+03:00  INFO 11096 --- [           main] org.testcontainers.DockerClientFactory   : ✔︎ Docker server version should be at least 1.6.0
2024-06-04T14:03:30.865+03:00  INFO 11096 --- [           main] tc.postgres:16                           : Creating container for image: postgres:16
2024-06-04T14:03:30.965+03:00  INFO 11096 --- [           main] tc.postgres:16                           : Container postgres:16 is starting: d3e547faa0489a85d3ca3e40e71e7aeb9ccdfdde7f622105c660913d26b775be
2024-06-04T14:03:32.518+03:00  INFO 11096 --- [           main] tc.postgres:16                           : Container postgres:16 started in PT1.6533502S
2024-06-04T14:03:32.519+03:00  INFO 11096 --- [           main] tc.postgres:16                           : Container is started (JDBC URL: jdbc:postgresql://localhost:49738/test?loggerLevel=OFF)
2024-06-04T14:03:32.640+03:00  INFO 11096 --- [           main] com.zaxxer.hikari.pool.HikariPool        : HikariPool-1 - Added connection org.testcontainers.jdbc.ConnectionWrapper@669c2b07
2024-06-04T14:03:32.642+03:00  INFO 11096 --- [           main] com.zaxxer.hikari.HikariDataSource       : HikariPool-1 - Start completed.
2024-06-04T14:03:32.737+03:00  INFO 11096 --- [           main] liquibase.database                       : Set default schema name to public
2024-06-04T14:03:33.143+03:00  INFO 11096 --- [           main] liquibase.changelog                      : Reading resource: db/changelog/changes/v24_1_1__basic_schema.yaml
2024-06-04T14:03:33.195+03:00  INFO 11096 --- [           main] liquibase.changelog                      : Creating database history table with name: public.databasechangelog
2024-06-04T14:03:33.222+03:00  INFO 11096 --- [           main] liquibase.changelog                      : Reading from public.databasechangelog
2024-06-04T14:03:33.270+03:00  INFO 11096 --- [           main] liquibase.lockservice                    : Successfully acquired change log lock
2024-06-04T14:03:33.271+03:00  INFO 11096 --- [           main] liquibase.command                        : Using deploymentId: 7499013271
2024-06-04T14:03:33.273+03:00  INFO 11096 --- [           main] liquibase.changelog                      : Reading from public.databasechangelog
Running Changeset: db/changelog/changes/v24_1_1__basic_schema.yaml::v24_1_1__basic_schema::yourUsername
2024-06-04T14:03:33.294+03:00  INFO 11096 --- [           main] liquibase.changelog                      : Custom SQL executed
2024-06-04T14:03:33.297+03:00  INFO 11096 --- [           main] liquibase.changelog                      : ChangeSet db/changelog/changes/v24_1_1__basic_schema.yaml::v24_1_1__basic_schema::yourUsername ran successfully in 18ms
2024-06-04T14:03:33.306+03:00  INFO 11096 --- [           main] liquibase.util                           : UPDATE SUMMARY
2024-06-04T14:03:33.307+03:00  INFO 11096 --- [           main] liquibase.util                           : Run:                          1
2024-06-04T14:03:33.307+03:00  INFO 11096 --- [           main] liquibase.util                           : Previously run:               0
2024-06-04T14:03:33.307+03:00  INFO 11096 --- [           main] liquibase.util                           : Filtered out:                 0
2024-06-04T14:03:33.307+03:00  INFO 11096 --- [           main] liquibase.util                           : -------------------------------
2024-06-04T14:03:33.307+03:00  INFO 11096 --- [           main] liquibase.util                           : Total change sets:            1
2024-06-04T14:03:33.307+03:00  INFO 11096 --- [           main] liquibase.util                           : Update summary generated
2024-06-04T14:03:33.309+03:00  INFO 11096 --- [           main] liquibase.command                        : Update command completed successfully.
Liquibase: Update has been successful. Rows affected: 1
2024-06-04T14:03:33.313+03:00  INFO 11096 --- [           main] liquibase.lockservice                    : Successfully released change log lock
2024-06-04T14:03:33.314+03:00  INFO 11096 --- [           main] liquibase.command                        : Command execution complete
2024-06-04T14:03:33.404+03:00  INFO 11096 --- [           main] o.hibernate.jpa.internal.util.LogHelper  : HHH000204: Processing PersistenceUnitInfo [name: default]
2024-06-04T14:03:33.464+03:00  INFO 11096 --- [           main] org.hibernate.Version                    : HHH000412: Hibernate ORM core version 6.4.1.Final
2024-06-04T14:03:33.490+03:00  INFO 11096 --- [           main] o.h.c.internal.RegionFactoryInitiator    : HHH000026: Second-level cache disabled
2024-06-04T14:03:33.680+03:00  INFO 11096 --- [           main] o.s.o.j.p.SpringPersistenceUnitInfo      : No LoadTimeWeaver setup: ignoring JPA class transformer
2024-06-04T14:03:34.233+03:00  INFO 11096 --- [           main] o.h.e.t.j.p.i.JtaPlatformInitiator       : HHH000489: No JTA platform available (set 'hibernate.transaction.jta.platform' to enable JTA platform integration)
2024-06-04T14:03:34.448+03:00  INFO 11096 --- [           main] j.LocalContainerEntityManagerFactoryBean : Initialized JPA EntityManagerFactory for persistence unit 'default'
2024-06-04T14:03:34.897+03:00  INFO 11096 --- [           main] o.s.d.j.r.query.QueryEnhancerFactory     : Hibernate is in classpath; If applicable, HQL parser will be used.
2024-06-04T14:03:35.878+03:00  WARN 11096 --- [           main] JpaBaseConfiguration$JpaWebConfiguration : spring.jpa.open-in-view is enabled by default. Therefore, database queries may be performed during view rendering. Explicitly configure spring.jpa.open-in-view to disable this warning
2024-06-04T14:03:36.243+03:00  INFO 11096 --- [           main] o.s.b.a.w.s.WelcomePageHandlerMapping    : Adding welcome page: class path resource [static/index.html]
2024-06-04T14:03:36.810+03:00  INFO 11096 --- [           main] o.s.s.web.DefaultSecurityFilterChain     : Will secure any request with [org.springframework.security.web.session.DisableEncodeUrlFilter@1f5513df, org.springframework.security.web.context.request.async.WebAsyncManagerIntegrationFilter@24aa1547, org.springframework.security.web.context.SecurityContextHolderFilter@68400aa5, org.springframework.security.web.header.HeaderWriterFilter@7d893815, org.springframework.web.filter.CorsFilter@b230f87, org.springframework.security.web.authentication.logout.LogoutFilter@2cbd35f2, org.springframework.security.oauth2.server.resource.web.authentication.BearerTokenAuthenticationFilter@2121d0ed, org.springframework.security.web.savedrequest.RequestCacheAwareFilter@537e8a15, org.springframework.security.web.servletapi.SecurityContextHolderAwareRequestFilter@71da2e9e, org.springframework.security.web.authentication.AnonymousAuthenticationFilter@5b293cc9, org.springframework.security.web.session.SessionManagementFilter@5e3c3c3d, org.springframework.security.web.access.ExceptionTranslationFilter@516dd567, org.springframework.security.web.access.intercept.AuthorizationFilter@4ce1292a]
2024-06-04T14:03:37.617+03:00  INFO 11096 --- [           main] o.s.b.t.m.w.SpringBootMockServletContext : Initializing Spring TestDispatcherServlet ''
2024-06-04T14:03:37.618+03:00  INFO 11096 --- [           main] o.s.t.web.servlet.TestDispatcherServlet  : Initializing Servlet ''
2024-06-04T14:03:37.619+03:00  INFO 11096 --- [           main] o.s.t.web.servlet.TestDispatcherServlet  : Completed initialization in 1 ms
2024-06-04T14:03:37.644+03:00  INFO 11096 --- [           main] c.e.c.c.ProductRestControllerIT          : Started ProductRestControllerIT in 9.404 seconds (process running for 10.267)

MockHttpServletRequest:
      HTTP Method = GET
      Request URI = /catalogue-api/products/1
       Parameters = {}
          Headers = []
             Body = null
    Session Attrs = {}

Handler:
             Type = com.example.catalogue.controller.ProductRestController
           Method = com.example.catalogue.controller.ProductRestController#findProduct(Product)

Async:
    Async started = false
     Async result = null

Resolved Exception:
             Type = null

ModelAndView:
        View name = null
             View = null
            Model = null

FlashMap:
       Attributes = null

MockHttpServletResponse:
           Status = 200
    Error message = null
          Headers = [Vary:"Origin", "Access-Control-Request-Method", "Access-Control-Request-Headers", Content-Type:"application/json", X-Content-Type-Options:"nosniff", X-XSS-Protection:"0", Cache-Control:"no-cache, no-store, max-age=0, must-revalidate", Pragma:"no-cache", Expires:"0", X-Frame-Options:"DENY"]
     Content type = application/json
             Body = {"id":1,"title":"Товар 1","details":"Описание 1"}
    Forwarded URL = null
   Redirected URL = null
          Cookies = []
]]></system-out>
    <system-err><![CDATA[WARNING: A Java agent has been loaded dynamically (C:\Users\astonuser\.m2\repository\net\bytebuddy\byte-buddy-agent\1.14.11\byte-buddy-agent-1.14.11.jar)
WARNING: If a serviceability tool is in use, please run with -XX:+EnableDynamicAgentLoading to hide this warning
WARNING: If a serviceability tool is not in use, please run with -Djdk.instrument.traceUsage for more information
WARNING: Dynamic loading of agents will be disallowed by default in a future release
]]></system-err>
  </testcase>
  <testcase name="deleteProduct_UserIsNotAuthorized_ReturnsForbidden" classname="com.example.catalogue.controller.ProductRestControllerIT" time="0.011">
    <system-out><![CDATA[
MockHttpServletRequest:
      HTTP Method = DELETE
      Request URI = /catalogue-api/products/1
       Parameters = {}
          Headers = []
             Body = null
    Session Attrs = {}

Handler:
             Type = null

Async:
    Async started = false
     Async result = null

Resolved Exception:
             Type = null

ModelAndView:
        View name = null
             View = null
            Model = null

FlashMap:
       Attributes = null

MockHttpServletResponse:
           Status = 403
    Error message = null
          Headers = [Vary:"Origin", "Access-Control-Request-Method", "Access-Control-Request-Headers", WWW-Authenticate:"Bearer error="insufficient_scope", error_description="The request requires higher privileges than provided by the access token.", error_uri="https://tools.ietf.org/html/rfc6750#section-3.1"", X-Content-Type-Options:"nosniff", X-XSS-Protection:"0", Cache-Control:"no-cache, no-store, max-age=0, must-revalidate", Pragma:"no-cache", Expires:"0", X-Frame-Options:"DENY"]
     Content type = null
             Body = 
    Forwarded URL = null
   Redirected URL = null
          Cookies = []
]]></system-out>
  </testcase>
  <testcase name="updateProduct_ProductDoesNotExist_ReturnsNotFound" classname="com.example.catalogue.controller.ProductRestControllerIT" time="0.055">
    <system-out><![CDATA[
MockHttpServletRequest:
      HTTP Method = PATCH
      Request URI = /catalogue-api/products/1
       Parameters = {}
          Headers = [Content-Type:"application/json;charset=UTF-8", Content-Length:"92", Accept-Language:"ru"]
             Body = {
    "title": "Новое название",
    "details": "Новое описание"
}
    Session Attrs = {}

Handler:
             Type = com.example.catalogue.controller.ProductRestController
           Method = com.example.catalogue.controller.ProductRestController#updateProduct(int, UpdateProductPayload, BindingResult)

Async:
    Async started = false
     Async result = null

Resolved Exception:
             Type = java.util.NoSuchElementException

ModelAndView:
        View name = null
             View = null
            Model = null

FlashMap:
       Attributes = null

MockHttpServletResponse:
           Status = 404
    Error message = null
          Headers = [Vary:"Origin", "Access-Control-Request-Method", "Access-Control-Request-Headers", Content-Type:"application/problem+json", X-Content-Type-Options:"nosniff", X-XSS-Protection:"0", Cache-Control:"no-cache, no-store, max-age=0, must-revalidate", Pragma:"no-cache", Expires:"0", X-Frame-Options:"DENY"]
     Content type = application/problem+json
             Body = {"type":"about:blank","title":"Not Found","status":404,"detail":"Ð¢Ð¾Ð²Ð°Ñ Ð½Ðµ Ð½Ð°Ð¹Ð´ÐµÐ½","instance":"/catalogue-api/products/1"}
    Forwarded URL = null
   Redirected URL = null
          Cookies = []
]]></system-out>
  </testcase>
  <testcase name="deleteProduct_ProductDoesNotExist_ReturnsNotFound" classname="com.example.catalogue.controller.ProductRestControllerIT" time="0.019">
    <system-out><![CDATA[
MockHttpServletRequest:
      HTTP Method = DELETE
      Request URI = /catalogue-api/products/1
       Parameters = {}
          Headers = []
             Body = null
    Session Attrs = {}

Handler:
             Type = com.example.catalogue.controller.ProductRestController
           Method = com.example.catalogue.controller.ProductRestController#deleteProduct(int)

Async:
    Async started = false
     Async result = null

Resolved Exception:
             Type = java.util.NoSuchElementException

ModelAndView:
        View name = null
             View = null
            Model = null

FlashMap:
       Attributes = null

MockHttpServletResponse:
           Status = 404
    Error message = null
          Headers = [Vary:"Origin", "Access-Control-Request-Method", "Access-Control-Request-Headers", Content-Type:"application/problem+json", X-Content-Type-Options:"nosniff", X-XSS-Protection:"0", Cache-Control:"no-cache, no-store, max-age=0, must-revalidate", Pragma:"no-cache", Expires:"0", X-Frame-Options:"DENY"]
     Content type = application/problem+json
             Body = {"type":"about:blank","title":"Not Found","status":404,"detail":"Ð¢Ð¾Ð²Ð°Ñ Ð½Ðµ Ð½Ð°Ð¹Ð´ÐµÐ½","instance":"/catalogue-api/products/1"}
    Forwarded URL = null
   Redirected URL = null
          Cookies = []
]]></system-out>
  </testcase>
  <testcase name="findProduct_UserIsNotAuthorized_ReturnsForbidden" classname="com.example.catalogue.controller.ProductRestControllerIT" time="0.016">
    <system-out><![CDATA[
MockHttpServletRequest:
      HTTP Method = GET
      Request URI = /catalogue-api/products/1
       Parameters = {}
          Headers = []
             Body = null
    Session Attrs = {}

Handler:
             Type = null

Async:
    Async started = false
     Async result = null

Resolved Exception:
             Type = null

ModelAndView:
        View name = null
             View = null
            Model = null

FlashMap:
       Attributes = null

MockHttpServletResponse:
           Status = 403
    Error message = null
          Headers = [Vary:"Origin", "Access-Control-Request-Method", "Access-Control-Request-Headers", WWW-Authenticate:"Bearer error="insufficient_scope", error_description="The request requires higher privileges than provided by the access token.", error_uri="https://tools.ietf.org/html/rfc6750#section-3.1"", X-Content-Type-Options:"nosniff", X-XSS-Protection:"0", Cache-Control:"no-cache, no-store, max-age=0, must-revalidate", Pragma:"no-cache", Expires:"0", X-Frame-Options:"DENY"]
     Content type = null
             Body = 
    Forwarded URL = null
   Redirected URL = null
          Cookies = []
]]></system-out>
  </testcase>
  <testcase name="updateProduct_UserIsNotAuthorized_ReturnsForbidden" classname="com.example.catalogue.controller.ProductRestControllerIT" time="0.011">
    <system-out><![CDATA[
MockHttpServletRequest:
      HTTP Method = PATCH
      Request URI = /catalogue-api/products/1
       Parameters = {}
          Headers = [Content-Type:"application/json;charset=UTF-8", Content-Length:"92", Accept-Language:"ru"]
             Body = {
    "title": "Новое название",
    "details": "Новое описание"
}
    Session Attrs = {}

Handler:
             Type = null

Async:
    Async started = false
     Async result = null

Resolved Exception:
             Type = null

ModelAndView:
        View name = null
             View = null
            Model = null

FlashMap:
       Attributes = null

MockHttpServletResponse:
           Status = 403
    Error message = null
          Headers = [Vary:"Origin", "Access-Control-Request-Method", "Access-Control-Request-Headers", WWW-Authenticate:"Bearer error="insufficient_scope", error_description="The request requires higher privileges than provided by the access token.", error_uri="https://tools.ietf.org/html/rfc6750#section-3.1"", X-Content-Type-Options:"nosniff", X-XSS-Protection:"0", Cache-Control:"no-cache, no-store, max-age=0, must-revalidate", Pragma:"no-cache", Expires:"0", X-Frame-Options:"DENY"]
     Content type = null
             Body = 
    Forwarded URL = null
   Redirected URL = null
          Cookies = []
]]></system-out>
  </testcase>
  <testcase name="findProduct_ProductDoesNotExist_ReturnsNotFound" classname="com.example.catalogue.controller.ProductRestControllerIT" time="0.021">
    <system-out><![CDATA[
MockHttpServletRequest:
      HTTP Method = GET
      Request URI = /catalogue-api/products/1
       Parameters = {}
          Headers = []
             Body = null
    Session Attrs = {}

Handler:
             Type = com.example.catalogue.controller.ProductRestController
           Method = com.example.catalogue.controller.ProductRestController#findProduct(Product)

Async:
    Async started = false
     Async result = null

Resolved Exception:
             Type = java.util.NoSuchElementException

ModelAndView:
        View name = null
             View = null
            Model = null

FlashMap:
       Attributes = null

MockHttpServletResponse:
           Status = 404
    Error message = null
          Headers = [Vary:"Origin", "Access-Control-Request-Method", "Access-Control-Request-Headers", Content-Type:"application/problem+json", X-Content-Type-Options:"nosniff", X-XSS-Protection:"0", Cache-Control:"no-cache, no-store, max-age=0, must-revalidate", Pragma:"no-cache", Expires:"0", X-Frame-Options:"DENY"]
     Content type = application/problem+json
             Body = {"type":"about:blank","title":"Not Found","status":404,"detail":"Ð¢Ð¾Ð²Ð°Ñ Ð½Ðµ Ð½Ð°Ð¹Ð´ÐµÐ½","instance":"/catalogue-api/products/1"}
    Forwarded URL = null
   Redirected URL = null
          Cookies = []
]]></system-out>
  </testcase>
  <testcase name="deleteProduct_ProductExists_ReturnsNoContent" classname="com.example.catalogue.controller.ProductRestControllerIT" time="0.065">
    <system-out><![CDATA[
MockHttpServletRequest:
      HTTP Method = DELETE
      Request URI = /catalogue-api/products/1
       Parameters = {}
          Headers = []
             Body = null
    Session Attrs = {}

Handler:
             Type = com.example.catalogue.controller.ProductRestController
           Method = com.example.catalogue.controller.ProductRestController#deleteProduct(int)

Async:
    Async started = false
     Async result = null

Resolved Exception:
             Type = null

ModelAndView:
        View name = null
             View = null
            Model = null

FlashMap:
       Attributes = null

MockHttpServletResponse:
           Status = 204
    Error message = null
          Headers = [Vary:"Origin", "Access-Control-Request-Method", "Access-Control-Request-Headers", X-Content-Type-Options:"nosniff", X-XSS-Protection:"0", Cache-Control:"no-cache, no-store, max-age=0, must-revalidate", Pragma:"no-cache", Expires:"0", X-Frame-Options:"DENY"]
     Content type = null
             Body = 
    Forwarded URL = null
   Redirected URL = null
          Cookies = []
]]></system-out>
  </testcase>
  <testcase name="updateProduct_RequestIsValid_ReturnsNoContent" classname="com.example.catalogue.controller.ProductRestControllerIT" time="0.143">
    <system-out><![CDATA[
MockHttpServletRequest:
      HTTP Method = PATCH
      Request URI = /catalogue-api/products/1
       Parameters = {}
          Headers = [Content-Type:"application/json;charset=UTF-8", Content-Length:"92"]
             Body = {
    "title": "Новое название",
    "details": "Новое описание"
}
    Session Attrs = {}

Handler:
             Type = com.example.catalogue.controller.ProductRestController
           Method = com.example.catalogue.controller.ProductRestController#updateProduct(int, UpdateProductPayload, BindingResult)

Async:
    Async started = false
     Async result = null

Resolved Exception:
             Type = null

ModelAndView:
        View name = null
             View = null
            Model = null

FlashMap:
       Attributes = null

MockHttpServletResponse:
           Status = 204
    Error message = null
          Headers = [Vary:"Origin", "Access-Control-Request-Method", "Access-Control-Request-Headers", X-Content-Type-Options:"nosniff", X-XSS-Protection:"0", Cache-Control:"no-cache, no-store, max-age=0, must-revalidate", Pragma:"no-cache", Expires:"0", X-Frame-Options:"DENY"]
     Content type = null
             Body = 
    Forwarded URL = null
   Redirected URL = null
          Cookies = []
]]></system-out>
  </testcase>
</testsuite>