<?xml version="1.0" encoding="UTF-8"?>
<testsuite xmlns:xsi="http://www.w3.org/2001/XMLSchema-instance" xsi:noNamespaceSchemaLocation="https://maven.apache.org/surefire/maven-failsafe-plugin/xsd/failsafe-test-report-3.0.xsd" version="3.0" name="com.example.catalogue.controller.ProductsRestControllerTestIT" time="1.476" tests="4" errors="0" skipped="0" failures="0">
  <properties>
[...]
</properties>
  <testcase name="createProduct_RequestIsValid_ReturnsNewProduct" classname="com.example.catalogue.controller.ProductsRestControllerTestIT" time="0.119">
    <system-out><![CDATA[2024-06-04T14:03:38.527+03:00  INFO 11096 --- [           main] t.c.s.AnnotationConfigContextLoaderUtils : Could not detect default configuration classes for test class [com.example.catalogue.controller.ProductsRestControllerTestIT]: ProductsRestControllerTestIT does not declare any static, non-private, non-final, nested classes annotated with @Configuration.
2024-06-04T14:03:38.532+03:00  INFO 11096 --- [           main] .b.t.c.SpringBootTestContextBootstrapper : Found @SpringBootConfiguration com.example.CatalogueServiceApplication for test class com.example.catalogue.controller.ProductsRestControllerTestIT
2024-06-04T14:03:38.538+03:00  INFO 11096 --- [           main] o.s.b.d.r.RestartApplicationListener     : Restart disabled due to context in which it is running

  .   ____          _            __ _ _
 /\\ / ___'_ __ _ _(_)_ __  __ _ \ \ \ \
( ( )\___ | '_ | '_| | '_ \/ _` | \ \ \ \
 \\/  ___)| |_)| | | | | || (_| |  ) ) ) )
  '  |____| .__|_| |_|_| |_\__, | / / / /
 =========|_|==============|___/=/_/_/_/
 :: Spring Boot ::                (v3.2.2)

2024-06-04T14:03:38.572+03:00  INFO 11096 --- [           main] c.e.c.c.ProductsRestControllerTestIT     : Starting ProductsRestControllerTestIT using Java 21.0.3 with PID 11096 (started by astonuser in C:\Users\astonuser\IdeaProjects\market\catalogue-service)
2024-06-04T14:03:38.572+03:00  INFO 11096 --- [           main] c.e.c.c.ProductsRestControllerTestIT     : No active profile set, falling back to 1 default profile: "default"
2024-06-04T14:03:38.812+03:00  INFO 11096 --- [           main] .s.d.r.c.RepositoryConfigurationDelegate : Bootstrapping Spring Data JPA repositories in DEFAULT mode.
2024-06-04T14:03:38.821+03:00  INFO 11096 --- [           main] .s.d.r.c.RepositoryConfigurationDelegate : Finished Spring Data repository scanning in 8 ms. Found 1 JPA repository interface.
2024-06-04T14:03:38.935+03:00  INFO 11096 --- [           main] com.zaxxer.hikari.HikariDataSource       : HikariPool-2 - Starting...
2024-06-04T14:03:39.036+03:00  INFO 11096 --- [           main] com.zaxxer.hikari.pool.HikariPool        : HikariPool-2 - Added connection org.testcontainers.jdbc.ConnectionWrapper@4e80eb4c
2024-06-04T14:03:39.036+03:00  INFO 11096 --- [           main] com.zaxxer.hikari.HikariDataSource       : HikariPool-2 - Start completed.
2024-06-04T14:03:39.049+03:00  INFO 11096 --- [           main] liquibase.database                       : Set default schema name to public
2024-06-04T14:03:39.065+03:00  INFO 11096 --- [           main] liquibase.changelog                      : Reading resource: db/changelog/changes/v24_1_1__basic_schema.yaml
2024-06-04T14:03:39.176+03:00  INFO 11096 --- [           main] liquibase.changelog                      : Reading from public.databasechangelog
2024-06-04T14:03:39.203+03:00  INFO 11096 --- [           main] liquibase.lockservice                    : Successfully acquired change log lock
2024-06-04T14:03:39.204+03:00  INFO 11096 --- [           main] liquibase.command                        : Using deploymentId: 7499019204
2024-06-04T14:03:39.205+03:00  INFO 11096 --- [           main] liquibase.changelog                      : Reading from public.databasechangelog
2024-06-04T14:03:39.211+03:00  INFO 11096 --- [           main] liquibase.util                           : UPDATE SUMMARY
2024-06-04T14:03:39.211+03:00  INFO 11096 --- [           main] liquibase.util                           : Run:                          0
2024-06-04T14:03:39.211+03:00  INFO 11096 --- [           main] liquibase.util                           : Previously run:               1
2024-06-04T14:03:39.211+03:00  INFO 11096 --- [           main] liquibase.util                           : Filtered out:                 0
2024-06-04T14:03:39.211+03:00  INFO 11096 --- [           main] liquibase.util                           : -------------------------------
2024-06-04T14:03:39.211+03:00  INFO 11096 --- [           main] liquibase.util                           : Total change sets:            1
2024-06-04T14:03:39.212+03:00  INFO 11096 --- [           main] liquibase.util                           : Update summary generated
2024-06-04T14:03:39.212+03:00  INFO 11096 --- [           main] liquibase.command                        : Update command completed successfully.
Liquibase: Update has been successful. Rows affected: 0
2024-06-04T14:03:39.217+03:00  INFO 11096 --- [           main] liquibase.lockservice                    : Successfully released change log lock
2024-06-04T14:03:39.219+03:00  INFO 11096 --- [           main] liquibase.command                        : Command execution complete
2024-06-04T14:03:39.243+03:00  INFO 11096 --- [           main] o.hibernate.jpa.internal.util.LogHelper  : HHH000204: Processing PersistenceUnitInfo [name: default]
2024-06-04T14:03:39.245+03:00  INFO 11096 --- [           main] o.h.c.internal.RegionFactoryInitiator    : HHH000026: Second-level cache disabled
2024-06-04T14:03:39.249+03:00  INFO 11096 --- [           main] o.s.o.j.p.SpringPersistenceUnitInfo      : No LoadTimeWeaver setup: ignoring JPA class transformer
2024-06-04T14:03:39.291+03:00  INFO 11096 --- [           main] o.h.e.t.j.p.i.JtaPlatformInitiator       : HHH000489: No JTA platform available (set 'hibernate.transaction.jta.platform' to enable JTA platform integration)
2024-06-04T14:03:39.293+03:00  INFO 11096 --- [           main] j.LocalContainerEntityManagerFactoryBean : Initialized JPA EntityManagerFactory for persistence unit 'default'
2024-06-04T14:03:39.367+03:00  WARN 11096 --- [           main] JpaBaseConfiguration$JpaWebConfiguration : spring.jpa.open-in-view is enabled by default. Therefore, database queries may be performed during view rendering. Explicitly configure spring.jpa.open-in-view to disable this warning
2024-06-04T14:03:39.385+03:00  INFO 11096 --- [           main] o.s.b.a.w.s.WelcomePageHandlerMapping    : Adding welcome page: class path resource [static/index.html]
2024-06-04T14:03:39.449+03:00  INFO 11096 --- [           main] o.s.s.web.DefaultSecurityFilterChain     : Will secure any request with [org.springframework.security.web.session.DisableEncodeUrlFilter@dff0458, org.springframework.security.web.context.request.async.WebAsyncManagerIntegrationFilter@52757583, org.springframework.security.web.context.SecurityContextHolderFilter@50099588, org.springframework.security.web.header.HeaderWriterFilter@467c77b2, org.springframework.web.filter.CorsFilter@46ddacb, org.springframework.security.web.authentication.logout.LogoutFilter@5ed76e4f, org.springframework.security.oauth2.server.resource.web.authentication.BearerTokenAuthenticationFilter@68bfaa16, org.springframework.security.web.savedrequest.RequestCacheAwareFilter@5471182c, org.springframework.security.web.servletapi.SecurityContextHolderAwareRequestFilter@711534f7, org.springframework.security.web.authentication.AnonymousAuthenticationFilter@11972f4a, org.springframework.security.web.session.SessionManagementFilter@6beb047e, org.springframework.security.web.access.ExceptionTranslationFilter@34260b5e, org.springframework.security.web.access.intercept.AuthorizationFilter@5a5183ed]
2024-06-04T14:03:39.595+03:00  INFO 11096 --- [           main] o.s.b.t.m.w.SpringBootMockServletContext : Initializing Spring TestDispatcherServlet ''
2024-06-04T14:03:39.595+03:00  INFO 11096 --- [           main] o.s.t.web.servlet.TestDispatcherServlet  : Initializing Servlet ''
2024-06-04T14:03:39.595+03:00  INFO 11096 --- [           main] o.s.t.web.servlet.TestDispatcherServlet  : Completed initialization in 0 ms
2024-06-04T14:03:39.604+03:00  INFO 11096 --- [           main] c.e.c.c.ProductsRestControllerTestIT     : Started ProductsRestControllerTestIT in 1.067 seconds (process running for 12.227)

MockHttpServletRequest:
      HTTP Method = POST
      Request URI = /catalogue-api/products
       Parameters = {}
          Headers = [Content-Type:"application/json;charset=UTF-8", Content-Length:"89"]
             Body = {
  "title": "Еще один новый товар",
  "details": "Описание 4"}

    Session Attrs = {}

Handler:
             Type = com.example.catalogue.controller.ProductsRestController
           Method = com.example.catalogue.controller.ProductsRestController#createProduct(NewProductPayload, BindingResult, UriComponentsBuilder)

Async:
    Async started = false
     Async result = null

Resolved Exception:
             Type = null

ModelAndView:
        View name = null
             View = null
            Model = null

FlashMap:
       Attributes = null

MockHttpServletResponse:
           Status = 201
    Error message = null
          Headers = [Vary:"Origin", "Access-Control-Request-Method", "Access-Control-Request-Headers", Location:"http://localhost/catalogue-api/products/1", Content-Type:"application/json", X-Content-Type-Options:"nosniff", X-XSS-Protection:"0", Cache-Control:"no-cache, no-store, max-age=0, must-revalidate", Pragma:"no-cache", Expires:"0", X-Frame-Options:"DENY"]
     Content type = application/json
             Body = {"id":1,"title":"Еще один новый товар","details":"Описание 4"}
    Forwarded URL = null
   Redirected URL = http://localhost/catalogue-api/products/1
          Cookies = []
]]></system-out>
  </testcase>
  <testcase name="findProductsReturnsProductsList" classname="com.example.catalogue.controller.ProductsRestControllerTestIT" time="0.194">
    <system-out><![CDATA[
MockHttpServletRequest:
      HTTP Method = GET
      Request URI = /catalogue-api/products
       Parameters = {filter=[товар]}
          Headers = []
             Body = null
    Session Attrs = {}

Handler:
             Type = com.example.catalogue.controller.ProductsRestController
           Method = com.example.catalogue.controller.ProductsRestController#findProducts(String)

Async:
    Async started = false
     Async result = null

Resolved Exception:
             Type = null

ModelAndView:
        View name = null
             View = null
            Model = null

FlashMap:
       Attributes = null

MockHttpServletResponse:
           Status = 200
    Error message = null
          Headers = [Vary:"Origin", "Access-Control-Request-Method", "Access-Control-Request-Headers", Content-Type:"application/json", X-Content-Type-Options:"nosniff", X-XSS-Protection:"0", Cache-Control:"no-cache, no-store, max-age=0, must-revalidate", Pragma:"no-cache", Expires:"0", X-Frame-Options:"DENY"]
     Content type = application/json
             Body = [{"id":1,"title":"Товар 1","details":"Описание 1"},{"id":3,"title":"Товар 3","details":"Окрыляет"}]
    Forwarded URL = null
   Redirected URL = null
          Cookies = []
]]></system-out>
  </testcase>
  <testcase name="createProduct_RequestIsValid_ReturnsProblemDetail" classname="com.example.catalogue.controller.ProductsRestControllerTestIT" time="0.067">
    <system-out><![CDATA[
MockHttpServletRequest:
      HTTP Method = POST
      Request URI = /catalogue-api/products
       Parameters = {}
          Headers = [Content-Type:"application/json;charset=UTF-8", Content-Length:"37", Accept-Language:"ru-ru"]
             Body = {
  "title": "",
  "details": null
}

    Session Attrs = {}

Handler:
             Type = com.example.catalogue.controller.ProductsRestController
           Method = com.example.catalogue.controller.ProductsRestController#createProduct(NewProductPayload, BindingResult, UriComponentsBuilder)

Async:
    Async started = false
     Async result = null

Resolved Exception:
             Type = org.springframework.validation.BindException

ModelAndView:
        View name = null
             View = null
            Model = null

FlashMap:
       Attributes = null

MockHttpServletResponse:
           Status = 400
    Error message = null
          Headers = [Vary:"Origin", "Access-Control-Request-Method", "Access-Control-Request-Headers", Content-Type:"application/problem+json", X-Content-Type-Options:"nosniff", X-XSS-Protection:"0", Cache-Control:"no-cache, no-store, max-age=0, must-revalidate", Pragma:"no-cache", Expires:"0", X-Frame-Options:"DENY"]
     Content type = application/problem+json
             Body = {"type":"about:blank","title":"Bad Request","status":400,"detail":"ÐÐ°Ð¿ÑÐ¾Ñ ÑÐ¾Ð´ÐµÑÐ¶Ð¸Ñ Ð¾ÑÐ¸Ð±ÐºÐ¸","instance":"/catalogue-api/products","errors":["ÐÐ°Ð·Ð²Ð°Ð½Ð¸Ðµ ÑÐ¾Ð²Ð°ÑÐ° Ð´Ð¾Ð»Ð¶Ð½Ð¾ Ð±ÑÑÑ Ð¾Ñ 3 Ð´Ð¾ 50 ÑÐ¸Ð¼Ð²Ð¾Ð»Ð¾Ð²"]}
    Forwarded URL = null
   Redirected URL = null
          Cookies = []
]]></system-out>
  </testcase>
  <testcase name="createProduct_UserIsNotAuthorized_ReturnsForbidden" classname="com.example.catalogue.controller.ProductsRestControllerTestIT" time="0.008">
    <system-out><![CDATA[
MockHttpServletRequest:
      HTTP Method = POST
      Request URI = /catalogue-api/products
       Parameters = {}
          Headers = [Content-Type:"application/json;charset=UTF-8", Content-Length:"37", Accept-Language:"ru-ru"]
             Body = {
  "title": "",
  "details": null
}

    Session Attrs = {}

Handler:
             Type = null

Async:
    Async started = false
     Async result = null

Resolved Exception:
             Type = null

ModelAndView:
        View name = null
             View = null
            Model = null

FlashMap:
       Attributes = null

MockHttpServletResponse:
           Status = 403
    Error message = null
          Headers = [Vary:"Origin", "Access-Control-Request-Method", "Access-Control-Request-Headers", WWW-Authenticate:"Bearer error="insufficient_scope", error_description="The request requires higher privileges than provided by the access token.", error_uri="https://tools.ietf.org/html/rfc6750#section-3.1"", X-Content-Type-Options:"nosniff", X-XSS-Protection:"0", Cache-Control:"no-cache, no-store, max-age=0, must-revalidate", Pragma:"no-cache", Expires:"0", X-Frame-Options:"DENY"]
     Content type = null
             Body = 
    Forwarded URL = null
   Redirected URL = null
          Cookies = []
]]></system-out>
  </testcase>
</testsuite>